<?xml version="1.0" encoding="UTF-8"?>
<!-- Generated by org.testng.reporters.JUnitXMLReporter -->
<testsuite ignored="0" hostname="hp" failures="0" tests="3" name="Default test" time="35.287" errors="0" timestamp="2022-11-22T22:52:42 IST">
  <testcase classname="testngAnnotations.DataProvider1" name="demo" time="22.293"/>
  <testcase classname="testngAnnotations.DataProvider1" name="demo" time="6.736"/>
  <testcase classname="testngAnnotations.DataProvider1" name="demo" time="6.217"/>
</testsuite> <!-- Default test -->
