<?xml version="1.0" encoding="UTF-8"?>
<!-- Generated by org.testng.reporters.JUnitXMLReporter -->
<testsuite ignored="0" hostname="hp" failures="1" tests="3" name="Test" time="14.719" errors="0" timestamp="2022-12-03T23:20:47 IST">
  <testcase classname="testngpac.LoginToInstagram" name="@AfterMethod teardown" time="0.001">
    <failure type="java.lang.NullPointerException">
      <![CDATA[java.lang.NullPointerException
at testngpac.LoginToInstagram.teardown(LoginToInstagram.java:29)
at java.base/java.util.ArrayList.forEach(ArrayList.java:1541)
... Removed 32 stack frames]]>
    </failure>
  </testcase> <!-- @AfterMethod teardown -->
  <testcase classname="testngpac.LoginToInstagram" name="loginInstagram" time="0.011">
    <failure type="java.lang.NullPointerException">
      <![CDATA[java.lang.NullPointerException
at testngpac.LoginToInstagram.loginInstagram(LoginToInstagram.java:35)
at java.base/java.util.ArrayList.forEach(ArrayList.java:1541)
... Removed 27 stack frames]]>
    </failure>
  </testcase> <!-- loginInstagram -->
  <testcase classname="testngpac.LoginToActitime" name="login" time="0.22"/>
  <testcase classname="testngpac.LoginToActitime" name="createuser" time="4.557"/>
</testsuite> <!-- Test -->
