<?xml version="1.0" encoding="UTF-8"?>
<testng-results ignored="0" total="1" passed="1" failed="0" skipped="0">
  <reporter-output>
    <line>
      <![CDATA[Sun]]>
    </line>
    <line>
      <![CDATA[Mon]]>
    </line>
    <line>
      <![CDATA[wed]]>
    </line>
  </reporter-output>
  <suite started-at="2022-11-26T11:29:39 IST" name="Default suite" finished-at="2022-11-26T11:29:39 IST" duration-ms="58">
    <groups>
    </groups>
    <test started-at="2022-11-26T11:29:39 IST" name="Default test" finished-at="2022-11-26T11:29:39 IST" duration-ms="58">
      <class name="testngpac.NewTest1">
        <test-method signature="tc1()[pri:0, instance:testngpac.NewTest1@3d6f0054]" started-at="2022-11-26T11:29:39 IST" name="tc1" finished-at="2022-11-26T11:29:39 IST" duration-ms="24" status="PASS">
          <reporter-output>
            <line>
              <![CDATA[Sun]]>
            </line>
            <line>
              <![CDATA[Mon]]>
            </line>
            <line>
              <![CDATA[wed]]>
            </line>
          </reporter-output>
        </test-method> <!-- tc1 -->
      </class> <!-- testngpac.NewTest1 -->
    </test> <!-- Default test -->
  </suite> <!-- Default suite -->
</testng-results>
